\BOOKMARK [1][-]{section.1}{\376\377\144\130\211\201}{}% 1
\BOOKMARK [1][-]{section.2}{\376\377\127\372\147\054\123\237\164\006}{}% 2
\BOOKMARK [2][-]{subsection.2.1}{\376\377\151\202\217\360}{section.2}% 3
\BOOKMARK [2][-]{subsection.2.2}{\376\377\121\111\176\277\217\375\216\052\166\204\122\006\174\173}{section.2}% 4
\BOOKMARK [3][-]{subsubsection.2.2.1}{\376\377\000R\000a\000y\000\040\000C\000a\000s\000t\000i\000n\000g}{subsection.2.2}% 5
\BOOKMARK [3][-]{subsubsection.2.2.2}{\376\377\000W\000h\000i\000t\000t\000e\000d\000\040\000R\000a\000y\000\040\000T\000r\000a\000c\000i\000n\000g}{subsection.2.2}% 6
\BOOKMARK [3][-]{subsubsection.2.2.3}{\376\377\122\006\136\003\137\017\000R\000a\000y\000\040\000T\000r\000a\000c\000i\000n\000g}{subsection.2.2}% 7
\BOOKMARK [3][-]{subsubsection.2.2.4}{\376\377\000M\000o\000n\000t\000e\000\040\000C\000a\000r\000l\000o\000\040\000R\000a\000y\000\040\000T\000r\000a\000c\000i\000n\000g}{subsection.2.2}% 8
\BOOKMARK [3][-]{subsubsection.2.2.5}{\376\377\000B\000i\000d\000i\000r\000e\000c\000t\000i\000o\000n\000a\000l\000\040\000R\000a\000y\000\040\000T\000r\000a\000c\000i\000n\000g}{subsection.2.2}% 9
\BOOKMARK [3][-]{subsubsection.2.2.6}{\376\377\121\166\116\326}{subsection.2.2}% 10
\BOOKMARK [3][-]{subsubsection.2.2.7}{\376\377\153\143\123\315\124\021\121\111\176\277\217\375\216\052}{subsection.2.2}% 11
\BOOKMARK [2][-]{subsection.2.3}{\376\377\162\151\164\006\152\041\127\213}{section.2}% 12
\BOOKMARK [2][-]{subsection.2.4}{\376\377\127\050\213\241\173\227\147\072\000G\000P\000U\116\012\122\051\165\050\000O\000p\000e\000n\000G\000L\133\236\163\260}{section.2}% 13
\BOOKMARK [1][-]{section.3}{\376\377\164\006\213\272\143\250\133\374}{}% 14
\BOOKMARK [2][-]{subsection.3.1}{\376\377\127\372\147\054\152\041\127\213\166\204\145\160\133\146\143\317\217\360}{section.3}% 15
\BOOKMARK [3][-]{subsubsection.3.1.1}{\376\377\230\234\202\162\152\041\127\213}{subsection.3.1}% 16
\BOOKMARK [3][-]{subsubsection.3.1.2}{\376\377\121\111\176\277\152\041\127\213}{subsection.3.1}% 17
\BOOKMARK [3][-]{subsubsection.3.1.3}{\376\377\160\271\121\111\156\220\152\041\127\213}{subsection.3.1}% 18
\BOOKMARK [3][-]{subsubsection.3.1.4}{\376\377\136\163\227\142\152\041\127\213}{subsection.3.1}% 19
\BOOKMARK [3][-]{subsubsection.3.1.5}{\376\377\116\011\211\322\137\142\152\041\127\213}{subsection.3.1}% 20
\BOOKMARK [3][-]{subsubsection.3.1.6}{\376\377\164\003\137\142\152\041\127\213}{subsection.3.1}% 21
\BOOKMARK [3][-]{subsubsection.3.1.7}{\376\377\127\006\166\330\152\041\127\213}{subsection.3.1}% 22
\BOOKMARK [3][-]{subsubsection.3.1.8}{\376\377\127\006\147\361\152\041\127\213}{subsection.3.1}% 23
\BOOKMARK [3][-]{subsubsection.3.1.9}{\376\377\127\006\225\045\152\041\127\213}{subsection.3.1}% 24
\BOOKMARK [3][-]{subsubsection.3.1.10}{\376\377\123\005\126\364\166\322\152\041\127\213}{subsection.3.1}% 25
\BOOKMARK [2][-]{subsection.3.2}{\376\377\166\370\116\244\155\113\213\325\166\204\143\250\133\374}{section.3}% 26
\BOOKMARK [3][-]{subsubsection.3.2.1}{\376\377\136\163\227\142}{subsection.3.2}% 27
\BOOKMARK [3][-]{subsubsection.3.2.2}{\376\377\116\011\211\322\137\142}{subsection.3.2}% 28
\BOOKMARK [3][-]{subsubsection.3.2.3}{\376\377\164\003\137\142}{subsection.3.2}% 29
\BOOKMARK [3][-]{subsubsection.3.2.4}{\376\377\127\006\166\330}{subsection.3.2}% 30
\BOOKMARK [3][-]{subsubsection.3.2.5}{\376\377\127\006\147\361}{subsection.3.2}% 31
\BOOKMARK [3][-]{subsubsection.3.2.6}{\376\377\127\006\225\045}{subsection.3.2}% 32
\BOOKMARK [3][-]{subsubsection.3.2.7}{\376\377\123\005\126\364\166\322}{subsection.3.2}% 33
\BOOKMARK [2][-]{subsection.3.3}{\376\377\121\111\176\277\145\110\147\234\166\204\152\041\142\337}{section.3}% 34
\BOOKMARK [3][-]{subsubsection.3.3.1}{\376\377\225\134\227\142\123\315\134\004}{subsection.3.3}% 35
\BOOKMARK [3][-]{subsubsection.3.3.2}{\376\377\142\230\134\004}{subsection.3.3}% 36
\BOOKMARK [3][-]{subsubsection.3.3.3}{\376\377\160\271\121\111\156\220\157\053\123\315\134\004}{subsection.3.3}% 37
\BOOKMARK [3][-]{subsubsection.3.3.4}{\376\377\201\352\123\321\121\111}{subsection.3.3}% 38
\BOOKMARK [3][-]{subsubsection.3.3.5}{\376\377\210\160\121\317}{subsection.3.3}% 39
\BOOKMARK [3][-]{subsubsection.3.3.6}{\376\377\147\102\230\171}{subsection.3.3}% 40
